<?xml version="1.0" encoding="utf-8"?>
<shfbBuild product="Sandcastle Help File Builder" version="2015.1.12.0" projectFile="C:\Users\Sonic\Documents\Visual Studio 2013\Projects\ImageEdit_WPF\ImageEdit_WPF\image_edit_doc.shfbproj" started="25/12/2015 16:23:07">
<buildStep step="Initializing">
Finding tools...
The Sandcastle tools are located in &#39;C:\Program Files\EWSoftware\Sandcastle Help File Builder\&#39;
Searching for HTML Help 1 compiler...
Found HTML Help 1 compiler in &#39;C:\Program Files\HTML Help Workshop\&#39;
Locating components in the following folder(s):
   C:\Users\Sonic\Documents\Visual Studio 2013\Projects\ImageEdit_WPF\ImageEdit_WPF
Using presentation style &#39;VS2013&#39; located in &#39;C:\Program Files\EWSoftware\Sandcastle Help File Builder\PresentationStyles\VS2013&#39;
Loading and initializing plug-ins...
Lightweight Website Style Version 2015.1.12.0
Copyright &#169; 2006-2015, Eric Woodruff, All Rights Reserved
Portions Copyright &#169; 2014, Sam Harwell, All Rights Reserved
</buildStep>
<buildStep step="ValidatingDocumentationSources">
Validating and copying documentation source information
Source: C:\Users\Sonic\Documents\Visual Studio 2013\Projects\ImageEdit_WPF\ImageEdit_WPF\bin\Release\ImageEdit_WPF.exe
    Found assembly &#39;C:\Users\Sonic\Documents\Visual Studio 2013\Projects\ImageEdit_WPF\ImageEdit_WPF\bin\Release\ImageEdit_WPF.exe&#39;
Source: C:\Users\Sonic\Documents\Visual Studio 2013\Projects\ImageEdit_WPF\ImageEdit_WPF\bin\Release\ImageEdit_WPF.XML

Copying XML comments files
    C:\Users\Sonic\Documents\Visual Studio 2013\Projects\ImageEdit_WPF\ImageEdit_WPF\bin\Release\ImageEdit_WPF.XML -&gt; C:\Users\Sonic\Documents\Visual Studio 2013\Projects\ImageEdit_WPF\ImageEdit_WPF\Help\Working\ImageEdit_WPF.XML
</buildStep>
<buildStep step="GenerateSharedContent">
Generating shared content files (en-US, English (United States))...
<plugIn name="Lightweight Website Style" behavior="After" priority="1000">
</plugIn>    Last step completed in 00:00:00,1248
</buildStep>
<buildStep step="GenerateApiFilter">
Generating API filter for MRefBuilder...
    Last step completed in 00:00:00,0000
</buildStep>
<buildStep step="GenerateReflectionInfo">
Generating reflection information...
[C:\Windows\Microsoft.NET\Framework\v4.0.30319\MSBuild.exe]
Build started 25/12/2015 16:23:10.
Project &quot;C:\Users\Sonic\Documents\Visual Studio 2013\Projects\ImageEdit_WPF\ImageEdit_WPF\Help\Working\GenerateRefInfo.proj&quot; on node 1 (default targets).
PrepareForBuild:
  Creating directory &quot;obj\Debug\&quot;.
GenerateRefInfo:
  MRefBuilder (v2015.1.12.0)
  Copyright ? 2006-2015, Microsoft Corporation, All Rights Reserved.
  Portions Copyright ? 2006-2014, Eric Woodruff, All Rights Reserved.
  Loaded 1 assemblies for reflection and 1 dependency assemblies.
  Wrote information on 3 namespaces, 23 types, and 89 members
  Copying file from &quot;reflection.org&quot; to &quot;reflection.all&quot;.
  XslTransform (v2015.1.12.0)
  Copyright ? 2006-2015, Microsoft Corporation, All Rights Reserved.
  Portions Copyright ? 2006-2014, Eric Woodruff, All Rights Reserved.
  Applying XSL transformation &#39;C:\Program Files\EWSoftware\Sandcastle Help File Builder\ProductionTransforms\MergeDuplicates.xsl&#39;.
Done Building Project &quot;C:\Users\Sonic\Documents\Visual Studio 2013\Projects\ImageEdit_WPF\ImageEdit_WPF\Help\Working\GenerateRefInfo.proj&quot; (default targets).

Build succeeded.

Time Elapsed 00:00:02.80
    Last step completed in 00:00:03,5100
</buildStep>
<buildStep step="TransformReflectionInfo">
Transforming reflection output...
[C:\Windows\Microsoft.NET\Framework\v4.0.30319\MSBuild.exe]
Build started 25/12/2015 16:23:13.
Project &quot;C:\Users\Sonic\Documents\Visual Studio 2013\Projects\ImageEdit_WPF\ImageEdit_WPF\Help\Working\TransformManifest.proj&quot; on node 1 (default targets).
TransformManifest:
  XslTransform (v2015.1.12.0)
  Copyright ? 2006-2015, Microsoft Corporation, All Rights Reserved.
  Portions Copyright ? 2006-2014, Eric Woodruff, All Rights Reserved.
  Applying XSL transformation &#39;C:\Program Files\EWSoftware\Sandcastle Help File Builder\\ProductionTransforms\ApplyVSDocModel.xsl&#39;.
  Copying file from &quot;reflection.xml&quot; to &quot;reflection.nofilenames&quot;.
  XslTransform (v2015.1.12.0)
  Copyright ? 2006-2015, Microsoft Corporation, All Rights Reserved.
  Portions Copyright ? 2006-2014, Eric Woodruff, All Rights Reserved.
  Applying XSL transformation &#39;C:\Program Files\EWSoftware\Sandcastle Help File Builder\ProductionTransforms\AddFilenames.xsl&#39;.
  XslTransform (v2015.1.12.0)
  Copyright ? 2006-2015, Microsoft Corporation, All Rights Reserved.
  Portions Copyright ? 2006-2014, Eric Woodruff, All Rights Reserved.
  Applying XSL transformation &#39;C:\Program Files\EWSoftware\Sandcastle Help File Builder\ProductionTransforms\ReflectionToManifest.xsl&#39;.
Done Building Project &quot;C:\Users\Sonic\Documents\Visual Studio 2013\Projects\ImageEdit_WPF\ImageEdit_WPF\Help\Working\TransformManifest.proj&quot; (default targets).

Build succeeded.

Time Elapsed 00:00:09.26
    Last step completed in 00:00:10,2804
</buildStep>
<buildStep step="GenerateNamespaceSummaries">
Generating namespace summary information...
    Last step completed in 00:00:00,3432
</buildStep>
<buildStep step="CopyAdditionalContent">
Copying additional content files...
No additional content to copy
    Last step completed in 00:00:00,0156
</buildStep>
<buildStep step="MergeTablesOfContents">
Merging conceptual and additional tables of contents...
    Last step completed in 00:00:00,0156
</buildStep>
<buildStep step="GenerateIntermediateTableOfContents">
Generating intermediate table of contents file...
[C:\Windows\Microsoft.NET\Framework\v4.0.30319\MSBuild.exe]
Build started 25/12/2015 16:23:23.
Project &quot;C:\Users\Sonic\Documents\Visual Studio 2013\Projects\ImageEdit_WPF\ImageEdit_WPF\Help\Working\GenerateIntermediateTOC.proj&quot; on node 1 (default targets).
GenerateIntermediateTOC:
  XslTransform (v2015.1.12.0)
  Copyright ? 2006-2015, Microsoft Corporation, All Rights Reserved.
  Portions Copyright ? 2006-2014, Eric Woodruff, All Rights Reserved.
  Applying XSL transformation &#39;C:\Program Files\EWSoftware\Sandcastle Help File Builder\\ProductionTransforms\CreateVSToc.xsl&#39;.
Done Building Project &quot;C:\Users\Sonic\Documents\Visual Studio 2013\Projects\ImageEdit_WPF\ImageEdit_WPF\Help\Working\GenerateIntermediateTOC.proj&quot; (default targets).

Build succeeded.

Time Elapsed 00:00:00.68
Generating conceptual content intermediate TOC file...
    Last step completed in 00:00:00,8580
</buildStep>
<buildStep step="CreateBuildAssemblerConfigs">
Creating Sandcastle configuration files...
    sandcastle.config
    Last step completed in 00:00:01,0296
</buildStep>
<buildStep step="MergeCustomConfigs">
Merging custom build component configurations
C:\Users\Sonic\Documents\Visual Studio 2013\Projects\ImageEdit_WPF\ImageEdit_WPF\Help\Working\sandcastle.config
    Last step completed in 00:00:00,0936
</buildStep>
<buildStep step="BuildReferenceTopics">
Building reference help topics...
[C:\Windows\Microsoft.NET\Framework\v4.0.30319\MSBuild.exe]
Build started 25/12/2015 16:23:25.
Project &quot;C:\Users\Sonic\Documents\Visual Studio 2013\Projects\ImageEdit_WPF\ImageEdit_WPF\Help\Working\BuildReferenceTopics.proj&quot; on node 1 (default targets).
BuildReferenceTopics:
  BuildAssembler (v2015.1.12.0)
  Copyright ? 2006-2015, Microsoft Corporation, All Rights Reserved.
  Portions Copyright ? 2006-2014, Eric Woodruff, All Rights Reserved.
  Loading configuration...
  Processing topics...
BuildAssembler : warning : ShowMissingComponent: [N:ImageEdit_WPF] Missing &lt;summary&gt; documentation [C:\Users\Sonic\Documents\Visual Studio 2013\Projects\ImageEdit_WPF\ImageEdit_WPF\Help\Working\BuildReferenceTopics.proj]
BuildAssembler : warning : ShowMissingComponent: [N:ImageEdit_WPF.Commands] Missing &lt;summary&gt; documentation [C:\Users\Sonic\Documents\Visual Studio 2013\Projects\ImageEdit_WPF\ImageEdit_WPF\Help\Working\BuildReferenceTopics.proj]
BuildAssembler : warning : ShowMissingComponent: [T:ImageEdit_WPF.Commands.HelpCommand] Missing &lt;summary&gt; documentation [C:\Users\Sonic\Documents\Visual Studio 2013\Projects\ImageEdit_WPF\ImageEdit_WPF\Help\Working\BuildReferenceTopics.proj]
BuildAssembler : warning : ShowMissingComponent: [P:ImageEdit_WPF.Commands.HelpCommand.Help] Missing &lt;summary&gt; documentation [C:\Users\Sonic\Documents\Visual Studio 2013\Projects\ImageEdit_WPF\ImageEdit_WPF\Help\Working\BuildReferenceTopics.proj]
BuildAssembler : warning : ShowMissingComponent: [T:ImageEdit_WPF.Commands.InformationCommand] Missing &lt;summary&gt; documentation [C:\Users\Sonic\Documents\Visual Studio 2013\Projects\ImageEdit_WPF\ImageEdit_WPF\Help\Working\BuildReferenceTopics.proj]
BuildAssembler : warning : ShowMissingComponent: [P:ImageEdit_WPF.Commands.InformationCommand.Information] Missing &lt;summary&gt; documentation [C:\Users\Sonic\Documents\Visual Studio 2013\Projects\ImageEdit_WPF\ImageEdit_WPF\Help\Working\BuildReferenceTopics.proj]
BuildAssembler : warning : ShowMissingComponent: [T:ImageEdit_WPF.Commands.RedoCommand] Missing &lt;summary&gt; documentation [C:\Users\Sonic\Documents\Visual Studio 2013\Projects\ImageEdit_WPF\ImageEdit_WPF\Help\Working\BuildReferenceTopics.proj]
BuildAssembler : warning : ShowMissingComponent: [P:ImageEdit_WPF.Commands.RedoCommand.Redo] Missing &lt;summary&gt; documentation [C:\Users\Sonic\Documents\Visual Studio 2013\Projects\ImageEdit_WPF\ImageEdit_WPF\Help\Working\BuildReferenceTopics.proj]
BuildAssembler : warning : ShowMissingComponent: [T:ImageEdit_WPF.Commands.UndoCommand] Missing &lt;summary&gt; documentation [C:\Users\Sonic\Documents\Visual Studio 2013\Projects\ImageEdit_WPF\ImageEdit_WPF\Help\Working\BuildReferenceTopics.proj]
BuildAssembler : warning : ShowMissingComponent: [P:ImageEdit_WPF.Commands.UndoCommand.Undo] Missing &lt;summary&gt; documentation [C:\Users\Sonic\Documents\Visual Studio 2013\Projects\ImageEdit_WPF\ImageEdit_WPF\Help\Working\BuildReferenceTopics.proj]
BuildAssembler : warning : ShowMissingComponent: [N:ImageEdit_WPF.Windows] Missing &lt;summary&gt; documentation [C:\Users\Sonic\Documents\Visual Studio 2013\Projects\ImageEdit_WPF\ImageEdit_WPF\Help\Working\BuildReferenceTopics.proj]
BuildAssembler : warning : ShowMissingComponent: [M:ImageEdit_WPF.Windows.AutoThreshold.#ctor(System.Drawing.Bitmap,System.Drawing.Bitmap,System.Boolean@)] Missing &lt;param name=&quot;nochange&quot;/&gt; documentation [C:\Users\Sonic\Documents\Visual Studio 2013\Projects\ImageEdit_WPF\ImageEdit_WPF\Help\Working\BuildReferenceTopics.proj]
BuildAssembler : warning : ShowMissingComponent: [M:ImageEdit_WPF.Windows.Brightness.#ctor(System.Drawing.Bitmap,System.Drawing.Bitmap,System.Boolean@)] Missing &lt;param name=&quot;nochange&quot;/&gt; documentation [C:\Users\Sonic\Documents\Visual Studio 2013\Projects\ImageEdit_WPF\ImageEdit_WPF\Help\Working\BuildReferenceTopics.proj]
BuildAssembler : warning : ShowMissingComponent: [M:ImageEdit_WPF.Windows.Contrast.#ctor(System.Drawing.Bitmap,System.Drawing.Bitmap,System.Boolean@)] Missing &lt;param name=&quot;nochange&quot;/&gt; documentation [C:\Users\Sonic\Documents\Visual Studio 2013\Projects\ImageEdit_WPF\ImageEdit_WPF\Help\Working\BuildReferenceTopics.proj]
BuildAssembler : warning : ShowMissingComponent: [M:ImageEdit_WPF.Windows.ContrastEnhancement.#ctor(System.Drawing.Bitmap,System.Drawing.Bitmap,System.Boolean@)] Missing &lt;param name=&quot;nochange&quot;/&gt; documentation [C:\Users\Sonic\Documents\Visual Studio 2013\Projects\ImageEdit_WPF\ImageEdit_WPF\Help\Working\BuildReferenceTopics.proj]
BuildAssembler : warning : ShowMissingComponent: [M:ImageEdit_WPF.Windows.GaussianBlur.#ctor(System.Drawing.Bitmap,System.Drawing.Bitmap,System.Boolean@)] Missing &lt;param name=&quot;nochange&quot;/&gt; documentation [C:\Users\Sonic\Documents\Visual Studio 2013\Projects\ImageEdit_WPF\ImageEdit_WPF\Help\Working\BuildReferenceTopics.proj]
BuildAssembler : warning : ShowMissingComponent: [M:ImageEdit_WPF.Windows.NoiseReductionMean.#ctor(System.Drawing.Bitmap,System.Drawing.Bitmap,System.Boolean@)] Missing &lt;param name=&quot;nochange&quot;/&gt; documentation [C:\Users\Sonic\Documents\Visual Studio 2013\Projects\ImageEdit_WPF\ImageEdit_WPF\Help\Working\BuildReferenceTopics.proj]
BuildAssembler : warning : ShowMissingComponent: [M:ImageEdit_WPF.Windows.NoiseReductionMedian.#ctor(System.Drawing.Bitmap,System.Drawing.Bitmap,System.Boolean@)] Missing &lt;param name=&quot;nochange&quot;/&gt; documentation [C:\Users\Sonic\Documents\Visual Studio 2013\Projects\ImageEdit_WPF\ImageEdit_WPF\Help\Working\BuildReferenceTopics.proj]
BuildAssembler : warning : ShowMissingComponent: [M:ImageEdit_WPF.Windows.SaltPepperNoiseBW.#ctor(System.Drawing.Bitmap,System.Drawing.Bitmap,System.Boolean@)] Missing &lt;param name=&quot;nochange&quot;/&gt; documentation [C:\Users\Sonic\Documents\Visual Studio 2013\Projects\ImageEdit_WPF\ImageEdit_WPF\Help\Working\BuildReferenceTopics.proj]
BuildAssembler : warning : ShowMissingComponent: [M:ImageEdit_WPF.Windows.SaltPepperNoiseColor.#ctor(System.Drawing.Bitmap,System.Drawing.Bitmap,System.Boolean@)] Missing &lt;param name=&quot;nochange&quot;/&gt; documentation [C:\Users\Sonic\Documents\Visual Studio 2013\Projects\ImageEdit_WPF\ImageEdit_WPF\Help\Working\BuildReferenceTopics.proj]
BuildAssembler : warning : ShowMissingComponent: [M:ImageEdit_WPF.Windows.Sharpen.#ctor(System.Drawing.Bitmap,System.Drawing.Bitmap,System.Boolean@)] Missing &lt;param name=&quot;nochange&quot;/&gt; documentation [C:\Users\Sonic\Documents\Visual Studio 2013\Projects\ImageEdit_WPF\ImageEdit_WPF\Help\Working\BuildReferenceTopics.proj]
BuildAssembler : warning : ShowMissingComponent: [M:ImageEdit_WPF.Windows.ShiftBits.#ctor(System.Drawing.Bitmap,System.Drawing.Bitmap,System.Boolean@)] Missing &lt;param name=&quot;bmpO&quot;/&gt; documentation [C:\Users\Sonic\Documents\Visual Studio 2013\Projects\ImageEdit_WPF\ImageEdit_WPF\Help\Working\BuildReferenceTopics.proj]
BuildAssembler : warning : ShowMissingComponent: [M:ImageEdit_WPF.Windows.ShiftBits.#ctor(System.Drawing.Bitmap,System.Drawing.Bitmap,System.Boolean@)] Missing &lt;param name=&quot;bmpUR&quot;/&gt; documentation [C:\Users\Sonic\Documents\Visual Studio 2013\Projects\ImageEdit_WPF\ImageEdit_WPF\Help\Working\BuildReferenceTopics.proj]
BuildAssembler : warning : ShowMissingComponent: [M:ImageEdit_WPF.Windows.ShiftBits.#ctor(System.Drawing.Bitmap,System.Drawing.Bitmap,System.Boolean@)] Missing &lt;param name=&quot;nochange&quot;/&gt; documentation [C:\Users\Sonic\Documents\Visual Studio 2013\Projects\ImageEdit_WPF\ImageEdit_WPF\Help\Working\BuildReferenceTopics.proj]
BuildAssembler : warning : ShowMissingComponent: [M:ImageEdit_WPF.Windows.Sobel.#ctor(System.Drawing.Bitmap,System.Drawing.Bitmap,System.Boolean@)] Missing &lt;param name=&quot;bmpO&quot;/&gt; documentation [C:\Users\Sonic\Documents\Visual Studio 2013\Projects\ImageEdit_WPF\ImageEdit_WPF\Help\Working\BuildReferenceTopics.proj]
BuildAssembler : warning : ShowMissingComponent: [M:ImageEdit_WPF.Windows.Sobel.#ctor(System.Drawing.Bitmap,System.Drawing.Bitmap,System.Boolean@)] Missing &lt;param name=&quot;bmpUR&quot;/&gt; documentation [C:\Users\Sonic\Documents\Visual Studio 2013\Projects\ImageEdit_WPF\ImageEdit_WPF\Help\Working\BuildReferenceTopics.proj]
BuildAssembler : warning : ShowMissingComponent: [M:ImageEdit_WPF.Windows.Sobel.#ctor(System.Drawing.Bitmap,System.Drawing.Bitmap,System.Boolean@)] Missing &lt;param name=&quot;nochange&quot;/&gt; documentation [C:\Users\Sonic\Documents\Visual Studio 2013\Projects\ImageEdit_WPF\ImageEdit_WPF\Help\Working\BuildReferenceTopics.proj]
BuildAssembler : warning : ShowMissingComponent: [M:ImageEdit_WPF.Windows.Threshold.#ctor(System.Drawing.Bitmap,System.Drawing.Bitmap,System.Boolean@)] Missing &lt;param name=&quot;bmpO&quot;/&gt; documentation [C:\Users\Sonic\Documents\Visual Studio 2013\Projects\ImageEdit_WPF\ImageEdit_WPF\Help\Working\BuildReferenceTopics.proj]
BuildAssembler : warning : ShowMissingComponent: [M:ImageEdit_WPF.Windows.Threshold.#ctor(System.Drawing.Bitmap,System.Drawing.Bitmap,System.Boolean@)] Missing &lt;param name=&quot;bmpUR&quot;/&gt; documentation [C:\Users\Sonic\Documents\Visual Studio 2013\Projects\ImageEdit_WPF\ImageEdit_WPF\Help\Working\BuildReferenceTopics.proj]
BuildAssembler : warning : ShowMissingComponent: [M:ImageEdit_WPF.Windows.Threshold.#ctor(System.Drawing.Bitmap,System.Drawing.Bitmap,System.Boolean@)] Missing &lt;param name=&quot;nochange&quot;/&gt; documentation [C:\Users\Sonic\Documents\Visual Studio 2013\Projects\ImageEdit_WPF\ImageEdit_WPF\Help\Working\BuildReferenceTopics.proj]
  Processed 164 topic(s)
  30 warning(s)
  CopyFromIndexComponent: &quot;reflection&quot; in-memory cache entries used: 10 of 15.
  CopyFromIndexComponent: &quot;comments&quot; in-memory cache entries used: 6 of 30.
  ResolveReferenceLinksComponent: New MSDN content ID cache size: 679 entries
Done Building Project &quot;C:\Users\Sonic\Documents\Visual Studio 2013\Projects\ImageEdit_WPF\ImageEdit_WPF\Help\Working\BuildReferenceTopics.proj&quot; (default targets).

Build succeeded.

Time Elapsed 00:09:49.58
    Last step completed in 00:09:49,8785
</buildStep>
<buildStep step="CombiningIntermediateTocFiles">
Combining conceptual and API intermediate TOC files...
    Last step completed in 00:00:00,0050
</buildStep>
<buildStep step="ExtractingHtmlInfo">
Extracting HTML info for HTML Help 1 and/or website...
[C:\Windows\Microsoft.NET\Framework\v4.0.30319\MSBuild.exe]
Sandcastle Help File Builder, version 2015.1.12.0
Copyright ? 2006-2015, Eric Woodruff, All Rights Reserved
E-Mail: Eric@EWoodruff.us

Using LCID &#39;1033&#39;, code page &#39;65001&#39;, encoding charset &#39;UTF-8&#39;.

Processing Help 1 files in C:\Users\Sonic\Documents\Visual Studio 2013\Projects\ImageEdit_WPF\ImageEdit_WPF\Help\Working\Output\HtmlHelp1
Processed 164 HTML files
Sorting keywords and generating See Also indices
Saving HTML Help 1 keyword index to C:\Users\Sonic\Documents\Visual Studio 2013\Projects\ImageEdit_WPF\ImageEdit_WPF\Help\Working\Documentation.hhk
Saving HTML Help 1 table of contents to C:\Users\Sonic\Documents\Visual Studio 2013\Projects\ImageEdit_WPF\ImageEdit_WPF\Help\Working\Documentation.hhc
    Last step completed in 00:00:02,3451
</buildStep>
<buildStep step="CopyStandardHelpContent">
Copying standard help content...
C:\Program Files\EWSoftware\Sandcastle Help File Builder\PresentationStyles\VS2013\icons\AlertCaution.png -&gt; C:\Users\Sonic\Documents\Visual Studio 2013\Projects\ImageEdit_WPF\ImageEdit_WPF\Help\Working\Output\HtmlHelp1\icons\AlertCaution.png
C:\Program Files\EWSoftware\Sandcastle Help File Builder\PresentationStyles\VS2013\icons\AlertNote.png -&gt; C:\Users\Sonic\Documents\Visual Studio 2013\Projects\ImageEdit_WPF\ImageEdit_WPF\Help\Working\Output\HtmlHelp1\icons\AlertNote.png
C:\Program Files\EWSoftware\Sandcastle Help File Builder\PresentationStyles\VS2013\icons\AlertSecurity.png -&gt; C:\Users\Sonic\Documents\Visual Studio 2013\Projects\ImageEdit_WPF\ImageEdit_WPF\Help\Working\Output\HtmlHelp1\icons\AlertSecurity.png
C:\Program Files\EWSoftware\Sandcastle Help File Builder\PresentationStyles\VS2013\icons\CFW.gif -&gt; C:\Users\Sonic\Documents\Visual Studio 2013\Projects\ImageEdit_WPF\ImageEdit_WPF\Help\Working\Output\HtmlHelp1\icons\CFW.gif
C:\Program Files\EWSoftware\Sandcastle Help File Builder\PresentationStyles\VS2013\icons\CodeExample.png -&gt; C:\Users\Sonic\Documents\Visual Studio 2013\Projects\ImageEdit_WPF\ImageEdit_WPF\Help\Working\Output\HtmlHelp1\icons\CodeExample.png
C:\Program Files\EWSoftware\Sandcastle Help File Builder\PresentationStyles\VS2013\icons\favicon.ico -&gt; C:\Users\Sonic\Documents\Visual Studio 2013\Projects\ImageEdit_WPF\ImageEdit_WPF\Help\Working\Output\HtmlHelp1\icons\favicon.ico
C:\Program Files\EWSoftware\Sandcastle Help File Builder\PresentationStyles\VS2013\icons\privclass.gif -&gt; C:\Users\Sonic\Documents\Visual Studio 2013\Projects\ImageEdit_WPF\ImageEdit_WPF\Help\Working\Output\HtmlHelp1\icons\privclass.gif
C:\Program Files\EWSoftware\Sandcastle Help File Builder\PresentationStyles\VS2013\icons\privdelegate.gif -&gt; C:\Users\Sonic\Documents\Visual Studio 2013\Projects\ImageEdit_WPF\ImageEdit_WPF\Help\Working\Output\HtmlHelp1\icons\privdelegate.gif
C:\Program Files\EWSoftware\Sandcastle Help File Builder\PresentationStyles\VS2013\icons\privenumeration.gif -&gt; C:\Users\Sonic\Documents\Visual Studio 2013\Projects\ImageEdit_WPF\ImageEdit_WPF\Help\Working\Output\HtmlHelp1\icons\privenumeration.gif
C:\Program Files\EWSoftware\Sandcastle Help File Builder\PresentationStyles\VS2013\icons\privevent.gif -&gt; C:\Users\Sonic\Documents\Visual Studio 2013\Projects\ImageEdit_WPF\ImageEdit_WPF\Help\Working\Output\HtmlHelp1\icons\privevent.gif
C:\Program Files\EWSoftware\Sandcastle Help File Builder\PresentationStyles\VS2013\icons\privextension.gif -&gt; C:\Users\Sonic\Documents\Visual Studio 2013\Projects\ImageEdit_WPF\ImageEdit_WPF\Help\Working\Output\HtmlHelp1\icons\privextension.gif
C:\Program Files\EWSoftware\Sandcastle Help File Builder\PresentationStyles\VS2013\icons\privfield.gif -&gt; C:\Users\Sonic\Documents\Visual Studio 2013\Projects\ImageEdit_WPF\ImageEdit_WPF\Help\Working\Output\HtmlHelp1\icons\privfield.gif
C:\Program Files\EWSoftware\Sandcastle Help File Builder\PresentationStyles\VS2013\icons\privinterface.gif -&gt; C:\Users\Sonic\Documents\Visual Studio 2013\Projects\ImageEdit_WPF\ImageEdit_WPF\Help\Working\Output\HtmlHelp1\icons\privinterface.gif
C:\Program Files\EWSoftware\Sandcastle Help File Builder\PresentationStyles\VS2013\icons\privmethod.gif -&gt; C:\Users\Sonic\Documents\Visual Studio 2013\Projects\ImageEdit_WPF\ImageEdit_WPF\Help\Working\Output\HtmlHelp1\icons\privmethod.gif
C:\Program Files\EWSoftware\Sandcastle Help File Builder\PresentationStyles\VS2013\icons\privproperty.gif -&gt; C:\Users\Sonic\Documents\Visual Studio 2013\Projects\ImageEdit_WPF\ImageEdit_WPF\Help\Working\Output\HtmlHelp1\icons\privproperty.gif
C:\Program Files\EWSoftware\Sandcastle Help File Builder\PresentationStyles\VS2013\icons\privstructure.gif -&gt; C:\Users\Sonic\Documents\Visual Studio 2013\Projects\ImageEdit_WPF\ImageEdit_WPF\Help\Working\Output\HtmlHelp1\icons\privstructure.gif
C:\Program Files\EWSoftware\Sandcastle Help File Builder\PresentationStyles\VS2013\icons\protclass.gif -&gt; C:\Users\Sonic\Documents\Visual Studio 2013\Projects\ImageEdit_WPF\ImageEdit_WPF\Help\Working\Output\HtmlHelp1\icons\protclass.gif
C:\Program Files\EWSoftware\Sandcastle Help File Builder\PresentationStyles\VS2013\icons\protdelegate.gif -&gt; C:\Users\Sonic\Documents\Visual Studio 2013\Projects\ImageEdit_WPF\ImageEdit_WPF\Help\Working\Output\HtmlHelp1\icons\protdelegate.gif
C:\Program Files\EWSoftware\Sandcastle Help File Builder\PresentationStyles\VS2013\icons\protenumeration.gif -&gt; C:\Users\Sonic\Documents\Visual Studio 2013\Projects\ImageEdit_WPF\ImageEdit_WPF\Help\Working\Output\HtmlHelp1\icons\protenumeration.gif
C:\Program Files\EWSoftware\Sandcastle Help File Builder\PresentationStyles\VS2013\icons\protevent.gif -&gt; C:\Users\Sonic\Documents\Visual Studio 2013\Projects\ImageEdit_WPF\ImageEdit_WPF\Help\Working\Output\HtmlHelp1\icons\protevent.gif
C:\Program Files\EWSoftware\Sandcastle Help File Builder\PresentationStyles\VS2013\icons\protextension.gif -&gt; C:\Users\Sonic\Documents\Visual Studio 2013\Projects\ImageEdit_WPF\ImageEdit_WPF\Help\Working\Output\HtmlHelp1\icons\protextension.gif
C:\Program Files\EWSoftware\Sandcastle Help File Builder\PresentationStyles\VS2013\icons\protfield.gif -&gt; C:\Users\Sonic\Documents\Visual Studio 2013\Projects\ImageEdit_WPF\ImageEdit_WPF\Help\Working\Output\HtmlHelp1\icons\protfield.gif
C:\Program Files\EWSoftware\Sandcastle Help File Builder\PresentationStyles\VS2013\icons\protinterface.gif -&gt; C:\Users\Sonic\Documents\Visual Studio 2013\Projects\ImageEdit_WPF\ImageEdit_WPF\Help\Working\Output\HtmlHelp1\icons\protinterface.gif
C:\Program Files\EWSoftware\Sandcastle Help File Builder\PresentationStyles\VS2013\icons\protmethod.gif -&gt; C:\Users\Sonic\Documents\Visual Studio 2013\Projects\ImageEdit_WPF\ImageEdit_WPF\Help\Working\Output\HtmlHelp1\icons\protmethod.gif
C:\Program Files\EWSoftware\Sandcastle Help File Builder\PresentationStyles\VS2013\icons\protoperator.gif -&gt; C:\Users\Sonic\Documents\Visual Studio 2013\Projects\ImageEdit_WPF\ImageEdit_WPF\Help\Working\Output\HtmlHelp1\icons\protoperator.gif
C:\Program Files\EWSoftware\Sandcastle Help File Builder\PresentationStyles\VS2013\icons\protproperty.gif -&gt; C:\Users\Sonic\Documents\Visual Studio 2013\Projects\ImageEdit_WPF\ImageEdit_WPF\Help\Working\Output\HtmlHelp1\icons\protproperty.gif
C:\Program Files\EWSoftware\Sandcastle Help File Builder\PresentationStyles\VS2013\icons\protstructure.gif -&gt; C:\Users\Sonic\Documents\Visual Studio 2013\Projects\ImageEdit_WPF\ImageEdit_WPF\Help\Working\Output\HtmlHelp1\icons\protstructure.gif
C:\Program Files\EWSoftware\Sandcastle Help File Builder\PresentationStyles\VS2013\icons\pubclass.gif -&gt; C:\Users\Sonic\Documents\Visual Studio 2013\Projects\ImageEdit_WPF\ImageEdit_WPF\Help\Working\Output\HtmlHelp1\icons\pubclass.gif
C:\Program Files\EWSoftware\Sandcastle Help File Builder\PresentationStyles\VS2013\icons\pubdelegate.gif -&gt; C:\Users\Sonic\Documents\Visual Studio 2013\Projects\ImageEdit_WPF\ImageEdit_WPF\Help\Working\Output\HtmlHelp1\icons\pubdelegate.gif
C:\Program Files\EWSoftware\Sandcastle Help File Builder\PresentationStyles\VS2013\icons\pubenumeration.gif -&gt; C:\Users\Sonic\Documents\Visual Studio 2013\Projects\ImageEdit_WPF\ImageEdit_WPF\Help\Working\Output\HtmlHelp1\icons\pubenumeration.gif
C:\Program Files\EWSoftware\Sandcastle Help File Builder\PresentationStyles\VS2013\icons\pubevent.gif -&gt; C:\Users\Sonic\Documents\Visual Studio 2013\Projects\ImageEdit_WPF\ImageEdit_WPF\Help\Working\Output\HtmlHelp1\icons\pubevent.gif
C:\Program Files\EWSoftware\Sandcastle Help File Builder\PresentationStyles\VS2013\icons\pubextension.gif -&gt; C:\Users\Sonic\Documents\Visual Studio 2013\Projects\ImageEdit_WPF\ImageEdit_WPF\Help\Working\Output\HtmlHelp1\icons\pubextension.gif
C:\Program Files\EWSoftware\Sandcastle Help File Builder\PresentationStyles\VS2013\icons\pubfield.gif -&gt; C:\Users\Sonic\Documents\Visual Studio 2013\Projects\ImageEdit_WPF\ImageEdit_WPF\Help\Working\Output\HtmlHelp1\icons\pubfield.gif
C:\Program Files\EWSoftware\Sandcastle Help File Builder\PresentationStyles\VS2013\icons\pubinterface.gif -&gt; C:\Users\Sonic\Documents\Visual Studio 2013\Projects\ImageEdit_WPF\ImageEdit_WPF\Help\Working\Output\HtmlHelp1\icons\pubinterface.gif
C:\Program Files\EWSoftware\Sandcastle Help File Builder\PresentationStyles\VS2013\icons\pubmethod.gif -&gt; C:\Users\Sonic\Documents\Visual Studio 2013\Projects\ImageEdit_WPF\ImageEdit_WPF\Help\Working\Output\HtmlHelp1\icons\pubmethod.gif
C:\Program Files\EWSoftware\Sandcastle Help File Builder\PresentationStyles\VS2013\icons\puboperator.gif -&gt; C:\Users\Sonic\Documents\Visual Studio 2013\Projects\ImageEdit_WPF\ImageEdit_WPF\Help\Working\Output\HtmlHelp1\icons\puboperator.gif
C:\Program Files\EWSoftware\Sandcastle Help File Builder\PresentationStyles\VS2013\icons\pubproperty.gif -&gt; C:\Users\Sonic\Documents\Visual Studio 2013\Projects\ImageEdit_WPF\ImageEdit_WPF\Help\Working\Output\HtmlHelp1\icons\pubproperty.gif
C:\Program Files\EWSoftware\Sandcastle Help File Builder\PresentationStyles\VS2013\icons\pubstructure.gif -&gt; C:\Users\Sonic\Documents\Visual Studio 2013\Projects\ImageEdit_WPF\ImageEdit_WPF\Help\Working\Output\HtmlHelp1\icons\pubstructure.gif
C:\Program Files\EWSoftware\Sandcastle Help File Builder\PresentationStyles\VS2013\icons\SectionCollapsed.png -&gt; C:\Users\Sonic\Documents\Visual Studio 2013\Projects\ImageEdit_WPF\ImageEdit_WPF\Help\Working\Output\HtmlHelp1\icons\SectionCollapsed.png
C:\Program Files\EWSoftware\Sandcastle Help File Builder\PresentationStyles\VS2013\icons\SectionExpanded.png -&gt; C:\Users\Sonic\Documents\Visual Studio 2013\Projects\ImageEdit_WPF\ImageEdit_WPF\Help\Working\Output\HtmlHelp1\icons\SectionExpanded.png
C:\Program Files\EWSoftware\Sandcastle Help File Builder\PresentationStyles\VS2013\icons\slMobile.gif -&gt; C:\Users\Sonic\Documents\Visual Studio 2013\Projects\ImageEdit_WPF\ImageEdit_WPF\Help\Working\Output\HtmlHelp1\icons\slMobile.gif
C:\Program Files\EWSoftware\Sandcastle Help File Builder\PresentationStyles\VS2013\icons\static.gif -&gt; C:\Users\Sonic\Documents\Visual Studio 2013\Projects\ImageEdit_WPF\ImageEdit_WPF\Help\Working\Output\HtmlHelp1\icons\static.gif
C:\Program Files\EWSoftware\Sandcastle Help File Builder\PresentationStyles\VS2013\icons\xna.gif -&gt; C:\Users\Sonic\Documents\Visual Studio 2013\Projects\ImageEdit_WPF\ImageEdit_WPF\Help\Working\Output\HtmlHelp1\icons\xna.gif
C:\Program Files\EWSoftware\Sandcastle Help File Builder\PresentationStyles\VS2013\scripts\branding.js -&gt; C:\Users\Sonic\Documents\Visual Studio 2013\Projects\ImageEdit_WPF\ImageEdit_WPF\Help\Working\Output\HtmlHelp1\scripts\branding.js
C:\Program Files\EWSoftware\Sandcastle Help File Builder\PresentationStyles\VS2013\styles\branding-cs-CZ.css -&gt; C:\Users\Sonic\Documents\Visual Studio 2013\Projects\ImageEdit_WPF\ImageEdit_WPF\Help\Working\Output\HtmlHelp1\styles\branding-cs-CZ.css
C:\Program Files\EWSoftware\Sandcastle Help File Builder\PresentationStyles\VS2013\styles\branding-de-DE.css -&gt; C:\Users\Sonic\Documents\Visual Studio 2013\Projects\ImageEdit_WPF\ImageEdit_WPF\Help\Working\Output\HtmlHelp1\styles\branding-de-DE.css
C:\Program Files\EWSoftware\Sandcastle Help File Builder\PresentationStyles\VS2013\styles\branding-en-US.css -&gt; C:\Users\Sonic\Documents\Visual Studio 2013\Projects\ImageEdit_WPF\ImageEdit_WPF\Help\Working\Output\HtmlHelp1\styles\branding-en-US.css
C:\Program Files\EWSoftware\Sandcastle Help File Builder\PresentationStyles\VS2013\styles\branding-es-ES.css -&gt; C:\Users\Sonic\Documents\Visual Studio 2013\Projects\ImageEdit_WPF\ImageEdit_WPF\Help\Working\Output\HtmlHelp1\styles\branding-es-ES.css
C:\Program Files\EWSoftware\Sandcastle Help File Builder\PresentationStyles\VS2013\styles\branding-fr-FR.css -&gt; C:\Users\Sonic\Documents\Visual Studio 2013\Projects\ImageEdit_WPF\ImageEdit_WPF\Help\Working\Output\HtmlHelp1\styles\branding-fr-FR.css
C:\Program Files\EWSoftware\Sandcastle Help File Builder\PresentationStyles\VS2013\styles\branding-Help1.css -&gt; C:\Users\Sonic\Documents\Visual Studio 2013\Projects\ImageEdit_WPF\ImageEdit_WPF\Help\Working\Output\HtmlHelp1\styles\branding-Help1.css
C:\Program Files\EWSoftware\Sandcastle Help File Builder\PresentationStyles\VS2013\styles\branding-Help2.css -&gt; C:\Users\Sonic\Documents\Visual Studio 2013\Projects\ImageEdit_WPF\ImageEdit_WPF\Help\Working\Output\HtmlHelp1\styles\branding-Help2.css
C:\Program Files\EWSoftware\Sandcastle Help File Builder\PresentationStyles\VS2013\styles\branding-HelpViewer.css -&gt; C:\Users\Sonic\Documents\Visual Studio 2013\Projects\ImageEdit_WPF\ImageEdit_WPF\Help\Working\Output\HtmlHelp1\styles\branding-HelpViewer.css
C:\Program Files\EWSoftware\Sandcastle Help File Builder\PresentationStyles\VS2013\styles\branding-it-IT.css -&gt; C:\Users\Sonic\Documents\Visual Studio 2013\Projects\ImageEdit_WPF\ImageEdit_WPF\Help\Working\Output\HtmlHelp1\styles\branding-it-IT.css
C:\Program Files\EWSoftware\Sandcastle Help File Builder\PresentationStyles\VS2013\styles\branding-ja-JP.css -&gt; C:\Users\Sonic\Documents\Visual Studio 2013\Projects\ImageEdit_WPF\ImageEdit_WPF\Help\Working\Output\HtmlHelp1\styles\branding-ja-JP.css
C:\Program Files\EWSoftware\Sandcastle Help File Builder\PresentationStyles\VS2013\styles\branding-ko-KR.css -&gt; C:\Users\Sonic\Documents\Visual Studio 2013\Projects\ImageEdit_WPF\ImageEdit_WPF\Help\Working\Output\HtmlHelp1\styles\branding-ko-KR.css
C:\Program Files\EWSoftware\Sandcastle Help File Builder\PresentationStyles\VS2013\styles\branding-pl-PL.css -&gt; C:\Users\Sonic\Documents\Visual Studio 2013\Projects\ImageEdit_WPF\ImageEdit_WPF\Help\Working\Output\HtmlHelp1\styles\branding-pl-PL.css
C:\Program Files\EWSoftware\Sandcastle Help File Builder\PresentationStyles\VS2013\styles\branding-pt-BR.css -&gt; C:\Users\Sonic\Documents\Visual Studio 2013\Projects\ImageEdit_WPF\ImageEdit_WPF\Help\Working\Output\HtmlHelp1\styles\branding-pt-BR.css
C:\Program Files\EWSoftware\Sandcastle Help File Builder\PresentationStyles\VS2013\styles\branding-ru-RU.css -&gt; C:\Users\Sonic\Documents\Visual Studio 2013\Projects\ImageEdit_WPF\ImageEdit_WPF\Help\Working\Output\HtmlHelp1\styles\branding-ru-RU.css
C:\Program Files\EWSoftware\Sandcastle Help File Builder\PresentationStyles\VS2013\styles\branding-tr-TR.css -&gt; C:\Users\Sonic\Documents\Visual Studio 2013\Projects\ImageEdit_WPF\ImageEdit_WPF\Help\Working\Output\HtmlHelp1\styles\branding-tr-TR.css
C:\Program Files\EWSoftware\Sandcastle Help File Builder\PresentationStyles\VS2013\styles\branding-Website.css -&gt; C:\Users\Sonic\Documents\Visual Studio 2013\Projects\ImageEdit_WPF\ImageEdit_WPF\Help\Working\Output\HtmlHelp1\styles\branding-Website.css
C:\Program Files\EWSoftware\Sandcastle Help File Builder\PresentationStyles\VS2013\styles\branding-zh-CN.css -&gt; C:\Users\Sonic\Documents\Visual Studio 2013\Projects\ImageEdit_WPF\ImageEdit_WPF\Help\Working\Output\HtmlHelp1\styles\branding-zh-CN.css
C:\Program Files\EWSoftware\Sandcastle Help File Builder\PresentationStyles\VS2013\styles\branding-zh-TW.css -&gt; C:\Users\Sonic\Documents\Visual Studio 2013\Projects\ImageEdit_WPF\ImageEdit_WPF\Help\Working\Output\HtmlHelp1\styles\branding-zh-TW.css
C:\Program Files\EWSoftware\Sandcastle Help File Builder\PresentationStyles\VS2013\styles\branding.css -&gt; C:\Users\Sonic\Documents\Visual Studio 2013\Projects\ImageEdit_WPF\ImageEdit_WPF\Help\Working\Output\HtmlHelp1\styles\branding.css
    Last step completed in 00:00:00,7690
</buildStep>
<buildStep step="GenerateHelpFormatTableOfContents">
Generating HTML Help 1 table of contents file...
    Last step completed in 00:00:00,0000
</buildStep>
<buildStep step="GenerateHelpFileIndex">
Generating HTML Help 1 index file...
    Last step completed in 00:00:00,0010
</buildStep>
<buildStep step="GenerateHelpProject">
Generating HTML Help 1 project file...
    Last step completed in 00:00:00,0100
</buildStep>
<buildStep step="CompilingHelpFile">
Compiling HTML Help 1 file...
[C:\Windows\Microsoft.NET\Framework\v4.0.30319\MSBuild.exe]
  Microsoft HTML Help Compiler 4.74.8702
  
  
  
  Compiling c:\Users\Sonic\Documents\Visual Studio 2013\Projects\ImageEdit_WPF\ImageEdit_WPF\Help\Working\Output\HtmlHelp1\Documentation.chm
  
  
  
  
  
  Compile time: 0 minutes, 16 seconds
  
  166	Topics
  
  1,542	Local links
  
  42,423	Internet links
  
  0	Graphics
  
  
  
  
  
  Created c:\Users\Sonic\Documents\Visual Studio 2013\Projects\ImageEdit_WPF\ImageEdit_WPF\Help\Working\Output\HtmlHelp1\Documentation.chm, 1,014,559 bytes
  
  Compression decreased file by 9,072,084 bytes.
  
    Last step completed in 00:00:18,7121
</buildStep>
<buildStep step="CleanIntermediates">
Removing intermediate files...
    Last step completed in 00:00:00,1330
</buildStep>
<buildStep step="Completed">

Build completed successfully at 25/12/2015 16:33:37.  Total time: 00:10:30,0396

</buildStep>
</shfbBuild>
